<?xml version="1.0" encoding="UTF-8"?>
<!-- Generated by org.testng.reporters.JUnitReportReporter -->
<testsuite hostname="Desmo" failures="0" tests="6" name="com.example.RunCucumberTest" time="7.135" errors="0" timestamp="2024-10-24T21:57:41 EEST" skipped="0">
  <testcase classname="com.example.RunCucumberTest" name="runScenario" time="0.711"/>
  <testcase classname="com.example.RunCucumberTest" name="runScenario" time="1.612"/>
  <testcase classname="com.example.RunCucumberTest" name="runScenario" time="0.764"/>
  <testcase classname="com.example.RunCucumberTest" name="runScenario" time="1.619"/>
  <testcase classname="com.example.RunCucumberTest" name="runScenario" time="1.521"/>
  <testcase classname="com.example.RunCucumberTest" name="runScenario" time="0.908"/>
</testsuite> <!-- com.example.RunCucumberTest -->
