<?xml version="1.0" encoding="UTF-8"?>
<!-- Generated by org.testng.reporters.JUnitReportReporter -->
<testsuite hostname="Desmo" failures="0" tests="6" name="com.example.RunCucumberTest" time="7.005" errors="0" timestamp="2024-10-24T17:19:55 EEST" skipped="0">
  <testcase classname="com.example.RunCucumberTest" name="runScenario" time="1.502"/>
  <testcase classname="com.example.RunCucumberTest" name="runScenario" time="1.044"/>
  <testcase classname="com.example.RunCucumberTest" name="runScenario" time="1.531"/>
  <testcase classname="com.example.RunCucumberTest" name="runScenario" time="1.589"/>
  <testcase classname="com.example.RunCucumberTest" name="runScenario" time="0.769"/>
  <testcase classname="com.example.RunCucumberTest" name="runScenario" time="0.570"/>
</testsuite> <!-- com.example.RunCucumberTest -->
