<?xml version="1.0" encoding="UTF-8"?>
<!-- Generated by org.testng.reporters.JUnitReportReporter -->
<testsuite hostname="Desmo" failures="0" tests="1" name="com.example.RunCucumberTest" time="1.792" errors="0" timestamp="2024-10-22T22:50:53 EEST" skipped="0">
  <testcase classname="com.example.RunCucumberTest" name="runScenario" time="1.792"/>
</testsuite> <!-- com.example.RunCucumberTest -->
